Update: Wed Nov 12 07:21:06 UTC 2025
Update: Thu Nov 13 05:01:31 UTC 2025
Update: Fri Nov 14 05:09:21 UTC 2025
Update: Sat Nov 15 05:08:45 UTC 2025
Update: Sun Nov 16 05:08:41 UTC 2025
Update: Mon Nov 17 05:10:14 UTC 2025
Update: Tue Nov 18 05:09:17 UTC 2025
Update: Wed Nov 19 05:09:26 UTC 2025
Update: Thu Nov 20 05:09:15 UTC 2025
Update: Fri Nov 21 05:01:24 UTC 2025
Update: Sat Nov 22 05:01:08 UTC 2025
Update: Sun Nov 23 05:01:27 UTC 2025
Update: Mon Nov 24 05:11:22 UTC 2025
Update: Tue Nov 25 05:01:22 UTC 2025
Update: Wed Nov 26 05:01:09 UTC 2025
Update: Thu Nov 27 05:09:40 UTC 2025
Update: Fri Nov 28 05:10:07 UTC 2025
Update: Sat Nov 29 05:08:42 UTC 2025
Update: Sun Nov 30 05:09:21 UTC 2025
Update: Mon Dec  1 05:18:49 UTC 2025
Update: Tue Dec  2 05:09:58 UTC 2025
Update: Wed Dec  3 05:09:38 UTC 2025
Update: Thu Dec  4 05:09:47 UTC 2025
Update: Fri Dec  5 05:01:12 UTC 2025
Update: Sat Dec  6 05:09:01 UTC 2025
Update: Sun Dec  7 05:01:14 UTC 2025
Update: Mon Dec  8 05:12:08 UTC 2025
Update: Tue Dec  9 05:01:24 UTC 2025
Update: Wed Dec 10 05:11:34 UTC 2025
Update: Thu Dec 11 05:12:42 UTC 2025
Update: Fri Dec 12 05:11:43 UTC 2025
Update: Sat Dec 13 05:01:27 UTC 2025
Update: Sun Dec 14 05:10:05 UTC 2025
Update: Mon Dec 15 05:15:59 UTC 2025
Update: Tue Dec 16 05:12:42 UTC 2025
Update: Wed Dec 17 05:12:44 UTC 2025
Update: Thu Dec 18 05:12:55 UTC 2025
Update: Fri Dec 19 05:12:12 UTC 2025
Update: Sat Dec 20 05:01:27 UTC 2025
Update: Sun Dec 21 05:11:19 UTC 2025
Update: Mon Dec 22 05:14:49 UTC 2025
Update: Tue Dec 23 05:14:16 UTC 2025
Update: Wed Dec 24 05:14:26 UTC 2025
Update: Thu Dec 25 05:14:02 UTC 2025
Update: Fri Dec 26 05:12:06 UTC 2025
Update: Sat Dec 27 05:11:03 UTC 2025
Update: Sun Dec 28 05:14:29 UTC 2025
Update: Mon Dec 29 05:19:14 UTC 2025
Update: Tue Dec 30 05:14:15 UTC 2025
Update: Wed Dec 31 05:23:34 UTC 2025
Update: Thu Jan  1 05:18:07 UTC 2026
Update: Fri Jan  2 05:15:43 UTC 2026
Update: Sat Jan  3 05:10:54 UTC 2026
Update: Sun Jan  4 05:16:56 UTC 2026
Update: Mon Jan  5 05:26:36 UTC 2026
Update: Tue Jan  6 05:14:43 UTC 2026
Update: Wed Jan  7 05:15:40 UTC 2026
Update: Thu Jan  8 05:14:55 UTC 2026
Update: Fri Jan  9 05:15:18 UTC 2026
Update: Sat Jan 10 05:11:25 UTC 2026
Update: Sun Jan 11 05:16:14 UTC 2026
Update: Mon Jan 12 05:20:42 UTC 2026
Update: Tue Jan 13 05:15:53 UTC 2026
Update: Wed Jan 14 05:14:14 UTC 2026
Update: Thu Jan 15 05:16:18 UTC 2026
Update: Fri Jan 16 05:15:24 UTC 2026
Update: Sat Jan 17 05:10:42 UTC 2026
Update: Sun Jan 18 05:13:58 UTC 2026
Update: Mon Jan 19 05:22:17 UTC 2026
Update: Tue Jan 20 05:19:24 UTC 2026
Update: Wed Jan 21 05:19:07 UTC 2026
Update: Thu Jan 22 05:18:36 UTC 2026
Update: Fri Jan 23 05:17:37 UTC 2026
Update: Sat Jan 24 05:12:01 UTC 2026
Update: Sun Jan 25 05:19:28 UTC 2026
Update: Mon Jan 26 05:24:19 UTC 2026
Update: Tue Jan 27 05:17:35 UTC 2026
Update: Wed Jan 28 05:18:24 UTC 2026
Update: Thu Jan 29 05:34:29 UTC 2026
Update: Fri Jan 30 05:38:24 UTC 2026
Update: Sat Jan 31 05:30:27 UTC 2026
Update: Sun Feb  1 05:52:00 UTC 2026
Update: Mon Feb  2 05:55:12 UTC 2026
Update: Tue Feb  3 05:41:27 UTC 2026
Update: Wed Feb  4 05:38:29 UTC 2026
Update: Thu Feb  5 05:44:46 UTC 2026
Update: Fri Feb  6 05:43:12 UTC 2026
Update: Sat Feb  7 05:32:56 UTC 2026
Update: Sun Feb  8 05:53:18 UTC 2026
Update: Mon Feb  9 05:58:54 UTC 2026
Update: Tue Feb 10 06:03:31 UTC 2026
Update: Wed Feb 11 06:00:56 UTC 2026
Update: Thu Feb 12 05:55:55 UTC 2026
Update: Fri Feb 13 05:50:16 UTC 2026
Update: Sat Feb 14 05:36:14 UTC 2026
Update: Sun Feb 15 05:45:53 UTC 2026
Update: Mon Feb 16 05:57:56 UTC 2026
Update: Tue Feb 17 05:49:25 UTC 2026
Update: Wed Feb 18 05:51:48 UTC 2026
Update: Thu Feb 19 05:49:24 UTC 2026
Update: Fri Feb 20 05:44:02 UTC 2026
Update: Sat Feb 21 05:33:41 UTC 2026
Update: Sun Feb 22 05:41:55 UTC 2026
Update: Mon Feb 23 05:57:06 UTC 2026
Update: Tue Feb 24 05:50:04 UTC 2026
Update: Wed Feb 25 05:52:18 UTC 2026
Update: Thu Feb 26 05:48:43 UTC 2026
Update: Fri Feb 27 05:42:10 UTC 2026
Update: Sat Feb 28 05:23:48 UTC 2026
Update: Sun Mar  1 05:42:10 UTC 2026
Update: Mon Mar  2 05:42:27 UTC 2026
Update: Tue Mar  3 05:39:21 UTC 2026
Update: Wed Mar  4 05:35:41 UTC 2026
Update: Thu Mar  5 05:38:15 UTC 2026
Update: Fri Mar  6 05:37:13 UTC 2026
Update: Sat Mar  7 05:29:29 UTC 2026
Update: Sun Mar  8 05:34:59 UTC 2026
Update: Mon Mar  9 05:47:17 UTC 2026
Update: Tue Mar 10 05:37:40 UTC 2026
Update: Wed Mar 11 05:39:54 UTC 2026
Update: Thu Mar 12 05:41:41 UTC 2026
Update: Fri Mar 13 05:39:24 UTC 2026
Update: Sat Mar 14 05:36:41 UTC 2026
Update: Sun Mar 15 05:58:00 UTC 2026
Update: Mon Mar 16 06:11:48 UTC 2026
Update: Tue Mar 17 05:49:10 UTC 2026
Update: Wed Mar 18 05:54:18 UTC 2026
Update: Thu Mar 19 05:47:56 UTC 2026
Update: Fri Mar 20 05:41:42 UTC 2026
Update: Sat Mar 21 05:33:27 UTC 2026
Update: Sun Mar 22 05:43:24 UTC 2026
Update: Mon Mar 23 06:01:58 UTC 2026
Update: Tue Mar 24 05:51:22 UTC 2026
Update: Wed Mar 25 05:52:13 UTC 2026
Update: Thu Mar 26 06:04:22 UTC 2026
Update: Fri Mar 27 06:04:41 UTC 2026
Update: Sat Mar 28 05:46:34 UTC 2026
Update: Sun Mar 29 06:03:54 UTC 2026
Update: Mon Mar 30 06:21:50 UTC 2026
Update: Tue Mar 31 06:07:37 UTC 2026
Update: Wed Apr  1 06:18:59 UTC 2026
Update: Thu Apr  2 06:03:15 UTC 2026
Update: Fri Apr  3 06:04:07 UTC 2026
Update: Sat Apr  4 05:46:13 UTC 2026
Update: Sun Apr  5 06:06:26 UTC 2026
Update: Mon Apr  6 06:22:16 UTC 2026
Update: Tue Apr  7 06:10:29 UTC 2026
Update: Wed Apr  8 06:12:59 UTC 2026
Update: Thu Apr  9 06:12:05 UTC 2026
Update: Fri Apr 10 06:23:16 UTC 2026
Update: Sat Apr 11 05:51:48 UTC 2026
Update: Sun Apr 12 06:15:55 UTC 2026
Update: Mon Apr 13 07:05:22 UTC 2026
Update: Tue Apr 14 06:22:55 UTC 2026
Update: Wed Apr 15 06:24:25 UTC 2026
Update: Thu Apr 16 06:25:43 UTC 2026
Update: Fri Apr 17 06:26:35 UTC 2026
